565329257 kdbg: pathos v3(Feb 12 2017 19:47:29), Michael Sullivan and Elly Jones
59158441286 udbg: -----------------Iteration: 0-----------------------

59189232046 udbg: -----------------Iteration: 1-----------------------

59190244704 udbg: (^_^)_cyclone: START__TYPE_COMPLETE
59219230036 udbg: -----------------Iteration: 2-----------------------

59230125837 udbg: (^_^)_cyclone: START__TYPE_COMPLETE
59262682396 udbg: -----------------Iteration: 3-----------------------

59262862292 udbg: (^_^)_cyclone: START__TYPE_COMPLETE
59304679582 udbg: -----------------Iteration: 4-----------------------

59306124975 udbg: (^_^)_cyclone: START__TYPE_COMPLETE
59335222312 udbg: -----------------Iteration: 5-----------------------

59363571724 udbg: (^_^)_cyclone: START__TYPE_COMPLETE
59379219456 udbg: -----------------Iteration: 6-----------------------

59380542448 udbg: (^_^)_cyclone: START__TYPE_COMPLETE
59409217706 udbg: -----------------Iteration: 7-----------------------

59436036283 udbg: (^_^)_cyclone: START__TYPE_COMPLETE
59456669398 udbg: -----------------Iteration: 8-----------------------

59459723510 udbg: (^_^)_cyclone: START__TYPE_COMPLETE
59498666584 udbg: -----------------Iteration: 9-----------------------

59501929092 udbg: (^_^)_cyclone: START__TYPE_COMPLETE
59559207744 udbg: -----------------Iteration: 10-----------------------

59562299420 udbg: (^_^)_cyclone: START__TYPE_COMPLETE
59591205586 udbg: -----------------Iteration: 11-----------------------

59626441656 udbg: (^_^)_cyclone: START__TYPE_COMPLETE
59635202666 udbg: -----------------Iteration: 12-----------------------

59643466718 udbg: (^_^)_cyclone: START__TYPE_COMPLETE
59667200602 udbg: -----------------Iteration: 13-----------------------

59688119818 udbg: (^_^)_cyclone: START__TYPE_COMPLETE
59713666818 udbg: (^_^)_cyclone: START__TYPE_COMPLETE
59713671093 udbg: -----------------Iteration: 14-----------------------

59759194950 udbg: -----------------Iteration: 15-----------------------

59764077275 udbg: (^_^)_cyclone: START__TYPE_COMPLETE
59793192622 udbg: -----------------Iteration: 16-----------------------

59813801276 udbg: (^_^)_cyclone: START__TYPE_COMPLETE
59840644144 udbg: -----------------Iteration: 17-----------------------

59847201118 udbg: (^_^)_cyclone: START__TYPE_COMPLETE
59889186354 udbg: -----------------Iteration: 18-----------------------

59891560133 udbg: (^_^)_cyclone: START__TYPE_COMPLETE
59918461400 udbg: (^_^)_agility_drill: START__TYPE_COMPLETE
59940637444 udbg: -----------------Iteration: 19-----------------------

59943971489 udbg: (^_^)_cyclone: START__TYPE_COMPLETE
59975180218 udbg: -----------------Iteration: 20-----------------------

60004578599 udbg: (^_^)_cyclone: START__TYPE_COMPLETE
60015558852 udbg: (^_^)_agility_drill:Starting chase thread with creation number 0
60030631414 udbg: -----------------Iteration: 21-----------------------

60066379402 udbg: (^_^)_cyclone: START__TYPE_COMPLETE
60079172890 udbg: -----------------Iteration: 22-----------------------

60082285714 udbg: (^_^)_cyclone: START__TYPE_COMPLETE
60134205393 udbg: (^_^)_cyclone: START__TYPE_COMPLETE
60134209668 udbg: -----------------Iteration: 23-----------------------

60134958740 udbg: (^_^)_agility_drill:Starting chase thread with creation number 1
60173166660 udbg: -----------------Iteration: 24-----------------------

60204649245 udbg: (^_^)_agility_drill:Starting chase thread with creation number 2
60206692726 udbg: (^_^)_cyclone: START__TYPE_COMPLETE
60256616272 udbg: -----------------Iteration: 25-----------------------

60264479929 udbg: (^_^)_cyclone: START__TYPE_COMPLETE
60282553112 udbg: (^_^)_agility_drill:Starting chase thread with creation number 3
60289159180 udbg: -----------------Iteration: 26-----------------------

60320306101 udbg: (^_^)_cyclone: START__TYPE_COMPLETE
60338610778 udbg: -----------------Iteration: 27-----------------------

60342175133 udbg: (^_^)_cyclone: START__TYPE_COMPLETE
60385616832 udbg: (^_^)_cyclone: START__TYPE_COMPLETE
60385621107 udbg: -----------------Iteration: 28-----------------------

60388815622 udbg: (^_^)_agility_drill:Starting chase thread with creation number 4
60412857816 udbg: (^_^)_agility_drill:Starting chase thread with creation number 5
60419150318 udbg: -----------------Iteration: 29-----------------------

60449553171 udbg: (^_^)_cyclone: START__TYPE_COMPLETE
60474601666 udbg: -----------------Iteration: 30-----------------------

60514247003 udbg: (^_^)_cyclone: START__TYPE_COMPLETE
60526598182 udbg: -----------------Iteration: 31-----------------------

60530375248 udbg: (^_^)_cyclone: START__TYPE_COMPLETE
60570724025 udbg: (^_^)_agility_drill:Starting chase thread with creation number 6
60596593492 udbg: -----------------Iteration: 32-----------------------

60599615407 udbg: (^_^)_cyclone: START__TYPE_COMPLETE
60637441198 udbg: -----------------Iteration: 33-----------------------

60642756107 udbg: (^_^)_cyclone: START__TYPE_COMPLETE
60678370943 udbg: -----------------Iteration: 34-----------------------

60702316385 udbg: (^_^)_cyclone: START__TYPE_COMPLETE
60712335217 udbg: (^_^)_agility_drill:Starting chase thread with creation number 7
60731585753 udbg: (^_^)_cyclone: START__TYPE_COMPLETE
60732584380 udbg: -----------------Iteration: 35-----------------------

60773127024 udbg: -----------------Iteration: 36-----------------------

60780160317 udbg: (^_^)_cyclone: START__TYPE_COMPLETE
60820463233 udbg: (^_^)_cyclone:trying mode 0
60826826629 udbg: (^_^)_agility_drill:Starting chase thread with creation number 8
61025565245 udbg: (^_^)_cyclone: START__TYPE_COMPLETE
61026564682 udbg: -----------------Iteration: 37-----------------------

61085936918 udbg: (^_^)_cyclone: START__TYPE_COMPLETE
61085941193 udbg: -----------------Iteration: 38-----------------------

61091380803 udbg: (^_^)_agility_drill:Starting chase thread with creation number 9
61098680048 udbg: (^_^)_cyclone:trying mode 1
61104811859 udbg: (^_^)_agility_drill:Starting chase thread with creation number 10
61151101270 udbg: -----------------Iteration: 39-----------------------

61162446221 udbg: (^_^)_cyclone: START__TYPE_COMPLETE
61168622937 udbg: 135 sleeping! on A
61212552220 udbg: -----------------Iteration: 40-----------------------

61219699916 udbg: (^_^)_cyclone: START__TYPE_COMPLETE
61281092370 udbg: -----------------Iteration: 41-----------------------

61333414264 udbg: (^_^)_cyclone: START__TYPE_COMPLETE
61335729901 udbg: (^_^)_cyclone: START__TYPE_COMPLETE
61335734176 udbg: -----------------Iteration: 42-----------------------

61337502078 udbg: (^_^)_cyclone:trying mode 2
61342868076 udbg: (^_^)_agility_drill:Starting chase thread with creation number 12
61342876020 udbg: (^_^)_agility_drill:Starting chase thread with creation number 11
61359831682 udbg: 147 sleeping! on A
61367087324 udbg: -----------------Iteration: 43-----------------------

61388539493 udbg: (^_^)_cyclone:trying mode 3
61396795504 udbg: (^_^)_agility_drill:Starting chase thread with creation number 13
61550130437 udbg: (^_^)_agility_drill: START__TYPE_COMPLETE
61617525223 udbg: (^_^)_cyclone: START__TYPE_COMPLETE
61622524079 udbg: 153 sleeping! on A
61644523435 udbg: (^_^)_cyclone:trying mode 4
61653067491 udbg: -----------------Iteration: 44-----------------------

61665880803 udbg: (^_^)_cyclone: START__TYPE_COMPLETE
61687065168 udbg: -----------------Iteration: 45-----------------------

61716485913 udbg: (^_^)_cyclone: START__TYPE_COMPLETE
61718529344 udbg: (^_^)_cyclone:trying mode 5
61733796678 udbg: 164 sleeping! on A
61737524048 udbg: (^_^)_cyclone: START__TYPE_COMPLETE
61737528323 udbg: -----------------Iteration: 46-----------------------

61794247018 udbg: (^_^)_cyclone: START__TYPE_COMPLETE
61794251293 udbg: -----------------Iteration: 47-----------------------

61824072406 udbg: (^_^)_cyclone:trying mode 0
61832756351 udbg: 173 sleeping! on A
61905050970 udbg: -----------------Iteration: 48-----------------------

61905261129 udbg: (^_^)_agility_drill:Starting chase thread with creation number 0
61912211297 udbg: (^_^)_cyclone: START__TYPE_COMPLETE
61913233660 udbg: (^_^)_agility_drill:Starting chase thread with creation number 14
61919480620 udbg: (^_^)_cyclone:trying mode 1
61939049030 udbg: -----------------Iteration: 49-----------------------

61989432472 udbg: (^_^)_cyclone: START__TYPE_COMPLETE
61990549500 udbg: (^_^)_cyclone:trying mode 6
62004757231 udbg: (^_^)_agility_drill:Starting chase thread with creation number 15
62164366436 udbg: (^_^)_cyclone: START__TYPE_COMPLETE
62164370711 udbg: -----------------Iteration: 50-----------------------

62172025250 udbg: (^_^)_cyclone:trying mode 2
62186345109 udbg: (^_^)_cyclone:trying mode 7
62197031564 udbg: -----------------Iteration: 51-----------------------

62198751184 udbg: (^_^)_agility_drill:Starting chase thread with creation number 16
62223602861 udbg: (^_^)_cyclone: START__TYPE_COMPLETE
62231733080 udbg: (^_^)_agility_drill:Starting chase thread with creation number 1
62233641577 udbg: (^_^)_cyclone:trying mode 3
62245715537 udbg: 189 sleeping! on A
62255027646 udbg: -----------------Iteration: 52-----------------------

62303635179 udbg: (^_^)_cyclone: START__TYPE_COMPLETE
62310128834 udbg: (^_^)_cyclone: START__TYPE_COMPLETE
62310133109 udbg: -----------------Iteration: 53-----------------------

62351589103 udbg: (^_^)_cyclone:trying mode 4
62359020178 udbg: -----------------Iteration: 54-----------------------

62359796075 udbg: (^_^)_agility_drill:Starting chase thread with creation number 17
62363600220 udbg: (^_^)_cyclone: START__TYPE_COMPLETE
62391018016 udbg: -----------------Iteration: 55-----------------------

62415482093 udbg: (^_^)_cyclone: START__TYPE_COMPLETE
